#
# A fatal error has been detected by the Java Runtime Environment:
#
#  EXCEPTION_ACCESS_VIOLATION (0xc0000005) at pc=0x000000000655d8d2, pid=15904, tid=0x00000000000038a4
#
# JRE version: OpenJDK Runtime Environment (8.0_242-b01) (build 1.8.0_242-release-1644-b01)
# Java VM: OpenJDK 64-Bit Server VM (25.242-b01 mixed mode windows-amd64 compressed oops)
# Problematic frame:
# J 21430 C2 com.android.utils.XmlUtils.append(Lcom/android/utils/XmlUtils$PositionAwareStringBuilder;Lorg/w3c/dom/Node;Ljava/util/Map;Ljava/util/Set;)V (639 bytes) @ 0x000000000655d8d2 [0x000000000655a700+0x31d2]
#
# Failed to write core dump. Minidumps are not enabled by default on client versions of Windows
#
# If you would like to submit a bug report, please visit:
#   
#

---------------  T H R E A D  ---------------

Current thread (0x000000001a0d0800):  JavaThread "Execution worker for ':' Thread 2" [_thread_in_Java, id=14500, stack(0x0000000027550000,0x0000000027650000)]

siginfo: ExceptionCode=0xc0000005, reading address 0x0000000000000618

Registers:
RAX=0x00000001003e1d78, RBX=0x00000000000100e4, RCX=0x00000000ffffffff, RDX=0x0000000000000000
RSP=0x000000002764b718, RBP=0x00000000ffffffff, RSI=0x00000001006e9338, RDI=0x0000000000000618
R8 =0x00000001003e1d78, R9 =0x0000000000000000, R10=0x00000000d83c1ad0, R11=0x00000001006e8718
R12=0x0000000000000000, R13=0x00000000000fa7fe, R14=0x00000000d87e1d38, R15=0x000000001a0d0800
RIP=0x000000000655d8d2, EFLAGS=0x0000000000010206

Top of Stack: (sp=0x000000002764b718)
0x000000002764b718:   00000001003e1d78 0000000100000100
0x000000002764b728:   000000001a0d0800 000000001a0d0801
0x000000002764b738:   00000000d83bfc08 00000000d83c1c10
0x000000002764b748:   00000000200dca38 0000000000000000
0x000000002764b758:   00000000d83c1a98 00000000d87e1d38
0x000000002764b768:   000934b2000009f4 000100ddd87e1540
0x000000002764b778:   00000000d87e1540 0000000300000002
0x000000002764b788:   00000000d83c1af8 00000000d83c1a98
0x000000002764b798:   00000022d87e1540 00000000d87e1528
0x000000002764b7a8:   d87e1540006e9b38 0000000000000002
0x000000002764b7b8:   0000000402b12952 00000000d87e1d38
0x000000002764b7c8:   00000000029dfef9 00000000811478b8
0x000000002764b7d8:   00000000d83bfcc0 00000000d817cd50
0x000000002764b7e8:   000000000000003e 00000000d87e1540
0x000000002764b7f8:   00000000d83c1a98 0000000100000000
0x000000002764b808:   0000000080004648 00000000d7007078 

Instructions: (pc=0x000000000655d8d2)
0x000000000655d8b2:   ff ff ff cb 83 fb ff 7f e9 e9 45 f2 ff ff 48 b8
0x000000000655d8c2:   78 1d 3e 00 01 00 00 00 50 48 8b c0 48 8b 7e 20
0x000000000655d8d2:   8b 0f 48 83 c7 08 48 85 c0 f2 48 af 58 0f 85 04
0x000000000655d8e2:   00 00 00 48 89 46 18 0f 84 14 f7 ff ff ba de ff 


Register to memory mapping:

RAX=0x00000001003e1d78 is pointing into metadata
RBX=0x00000000000100e4 is an unknown value
RCX=0x00000000ffffffff is an unallocated location in the heap
RDX=0x0000000000000000 is an unknown value
RSP=0x000000002764b718 is pointing into the stack for thread: 0x000000001a0d0800
RBP=0x00000000ffffffff is an unallocated location in the heap
RSI=0x00000001006e9338 is pointing into metadata
RDI=0x0000000000000618 is an unknown value
R8 =0x00000001003e1d78 is pointing into metadata
R9 =0x0000000000000000 is an unknown value
R10=0x00000000d83c1ad0 is an oop

[error occurred during error reporting (printing register info), id 0xc0000005]

Stack: [0x0000000027550000,0x0000000027650000],  sp=0x000000002764b718,  free space=1005k
Native frames: (J=compiled Java code, j=interpreted, Vv=VM code, C=native code)
C  0x000000000655d8d2


---------------  P R O C E S S  ---------------

Java Threads: ( => current thread )
  0x000000001a0ca800 JavaThread "Cache worker for execution history cache (C:\Users\An\AndroidStudioProjects\TinMate\.gradle\6.5\executionHistory)" [_thread_blocked, id=17076, stack(0x000000002a0b0000,0x000000002a1b0000)]
  0x000000001a0cc000 JavaThread "Execution worker for ':' Thread 3" [_thread_blocked, id=14044, stack(0x00000000296b0000,0x00000000297b0000)]
=>0x000000001a0d0800 JavaThread "Execution worker for ':' Thread 2" [_thread_in_Java, id=14500, stack(0x0000000027550000,0x0000000027650000)]
  0x000000001a0ce000 JavaThread "Execution worker for ':'" [_thread_blocked, id=11012, stack(0x0000000027090000,0x0000000027190000)]
  0x000000001a0cd800 JavaThread "Cache worker for file content cache (C:\Users\An\AndroidStudioProjects\TinMate\.gradle\6.5\fileContent)" [_thread_blocked, id=4212, stack(0x0000000026f90000,0x0000000027090000)]
  0x000000001e116800 JavaThread "pool-29-thread-1" [_thread_blocked, id=12060, stack(0x0000000026e90000,0x0000000026f90000)]
  0x000000001e115000 JavaThread "Cache worker for Build Output Cleanup Cache (C:\Users\An\AndroidStudioProjects\TinMate\.gradle\buildOutputCleanup)" [_thread_blocked, id=936, stack(0x0000000026d90000,0x0000000026e90000)]
  0x000000001e113800 JavaThread "jar transforms Thread 1034" [_thread_blocked, id=14480, stack(0x0000000026c90000,0x0000000026d90000)]
  0x000000001e113000 JavaThread "jar transforms Thread 1033" [_thread_blocked, id=7072, stack(0x0000000026b90000,0x0000000026c90000)]
  0x000000001e117800 JavaThread "jar transforms Thread 1032" [_thread_blocked, id=1916, stack(0x0000000026a90000,0x0000000026b90000)]
  0x000000001e112000 JavaThread "jar transforms Thread 1031" [_thread_blocked, id=13516, stack(0x0000000026990000,0x0000000026a90000)]
  0x000000001e10a800 JavaThread "jar transforms Thread 1030" [_thread_blocked, id=8776, stack(0x0000000026890000,0x0000000026990000)]
  0x000000001e111800 JavaThread "jar transforms Thread 1029" [_thread_blocked, id=15256, stack(0x0000000026790000,0x0000000026890000)]
  0x000000001e110800 JavaThread "jar transforms Thread 1028" [_thread_blocked, id=5980, stack(0x0000000026690000,0x0000000026790000)]
  0x000000001e110000 JavaThread "jar transforms Thread 1027" [_thread_blocked, id=10140, stack(0x0000000026590000,0x0000000026690000)]
  0x000000001e108800 JavaThread "jar transforms Thread 1026" [_thread_blocked, id=2208, stack(0x0000000026490000,0x0000000026590000)]
  0x000000001e10e800 JavaThread "jar transforms Thread 1025" [_thread_blocked, id=17184, stack(0x0000000026390000,0x0000000026490000)]
  0x000000001e109000 JavaThread "jar transforms Thread 1024" [_thread_blocked, id=7260, stack(0x0000000026290000,0x0000000026390000)]
  0x000000001e10d000 JavaThread "jar transforms Thread 1023" [_thread_blocked, id=12480, stack(0x0000000026190000,0x0000000026290000)]
  0x000000001e10a000 JavaThread "jar transforms Thread 1022" [_thread_blocked, id=1484, stack(0x0000000026090000,0x0000000026190000)]
  0x0000000019eb2800 JavaThread "jar transforms Thread 1021" [_thread_blocked, id=13996, stack(0x0000000025f90000,0x0000000026090000)]
  0x0000000019eb1800 JavaThread "jar transforms Thread 1020" [_thread_blocked, id=15708, stack(0x0000000025e90000,0x0000000025f90000)]
  0x0000000019eb4800 JavaThread "jar transforms Thread 1019" [_thread_blocked, id=14032, stack(0x0000000025d90000,0x0000000025e90000)]
  0x0000000019eb4000 JavaThread "jar transforms Thread 1018" [_thread_blocked, id=12040, stack(0x0000000025c90000,0x0000000025d90000)]
  0x0000000019eb7800 JavaThread "jar transforms Thread 1017" [_thread_blocked, id=15688, stack(0x0000000025b90000,0x0000000025c90000)]
  0x0000000019eb3000 JavaThread "jar transforms Thread 1016" [_thread_blocked, id=11528, stack(0x0000000025a90000,0x0000000025b90000)]
  0x0000000019eb5800 JavaThread "jar transforms Thread 1015" [_thread_blocked, id=11032, stack(0x0000000025990000,0x0000000025a90000)]
  0x0000000019eb7000 JavaThread "jar transforms Thread 1014" [_thread_blocked, id=15172, stack(0x0000000025890000,0x0000000025990000)]
  0x0000000019eaa000 JavaThread "jar transforms Thread 1013" [_thread_blocked, id=2608, stack(0x0000000025790000,0x0000000025890000)]
  0x0000000019eb1000 JavaThread "jar transforms Thread 1012" [_thread_blocked, id=16024, stack(0x0000000025690000,0x0000000025790000)]
  0x0000000019eae800 JavaThread "jar transforms Thread 1011" [_thread_blocked, id=2288, stack(0x0000000025590000,0x0000000025690000)]
  0x0000000019eab800 JavaThread "jar transforms Thread 1010" [_thread_blocked, id=14132, stack(0x0000000025490000,0x0000000025590000)]
  0x0000000019ea9800 JavaThread "jar transforms Thread 1009" [_thread_blocked, id=11532, stack(0x0000000025390000,0x0000000025490000)]
  0x0000000019eaf800 JavaThread "jar transforms Thread 1008" [_thread_blocked, id=8784, stack(0x0000000025290000,0x0000000025390000)]
  0x0000000019eb0000 JavaThread "jar transforms Thread 1007" [_thread_blocked, id=3076, stack(0x0000000025190000,0x0000000025290000)]
  0x0000000019ead000 JavaThread "jar transforms Thread 1006" [_thread_blocked, id=1556, stack(0x0000000025090000,0x0000000025190000)]
  0x0000000019eab000 JavaThread "jar transforms Thread 1005" [_thread_blocked, id=11100, stack(0x0000000024f90000,0x0000000025090000)]
  0x0000000019eae000 JavaThread "jar transforms Thread 1004" [_thread_blocked, id=10704, stack(0x0000000024e90000,0x0000000024f90000)]
  0x0000000028533000 JavaThread "jar transforms Thread 1003" [_thread_blocked, id=5480, stack(0x0000000024d90000,0x0000000024e90000)]
  0x000000002853a000 JavaThread "jar transforms Thread 1002" [_thread_blocked, id=5472, stack(0x0000000024c90000,0x0000000024d90000)]
  0x0000000028532800 JavaThread "jar transforms Thread 1001" [_thread_blocked, id=3972, stack(0x0000000024b90000,0x0000000024c90000)]
  0x0000000028539800 JavaThread "jar transforms Thread 1000" [_thread_blocked, id=14264, stack(0x0000000024a90000,0x0000000024b90000)]
  0x0000000028538800 JavaThread "jar transforms Thread 999" [_thread_blocked, id=13260, stack(0x0000000024990000,0x0000000024a90000)]
  0x0000000028537800 JavaThread "jar transforms Thread 998" [_thread_blocked, id=644, stack(0x0000000024890000,0x0000000024990000)]
  0x0000000028536000 JavaThread "jar transforms Thread 997" [_thread_blocked, id=15928, stack(0x0000000024790000,0x0000000024890000)]
  0x000000002852e800 JavaThread "jar transforms Thread 996" [_thread_blocked, id=11372, stack(0x0000000024690000,0x0000000024790000)]
  0x0000000028535800 JavaThread "jar transforms Thread 995" [_thread_blocked, id=6996, stack(0x0000000024590000,0x0000000024690000)]
  0x000000002852b800 JavaThread "jar transforms Thread 994" [_thread_blocked, id=10188, stack(0x0000000024490000,0x0000000024590000)]
  0x000000002852b000 JavaThread "jar transforms Thread 993" [_thread_blocked, id=4200, stack(0x0000000024390000,0x0000000024490000)]
  0x000000002852e000 JavaThread "jar transforms Thread 992" [_thread_blocked, id=15692, stack(0x0000000024290000,0x0000000024390000)]
  0x0000000028530000 JavaThread "jar transforms Thread 991" [_thread_blocked, id=2268, stack(0x0000000024190000,0x0000000024290000)]
  0x000000002852f800 JavaThread "jar transforms Thread 990" [_thread_blocked, id=15452, stack(0x0000000024090000,0x0000000024190000)]
  0x000000002852d000 JavaThread "jar transforms Thread 989" [_thread_blocked, id=8160, stack(0x0000000023f90000,0x0000000024090000)]
  0x000000002852c800 JavaThread "jar transforms Thread 988" [_thread_blocked, id=7368, stack(0x0000000023e90000,0x0000000023f90000)]
  0x0000000028531800 JavaThread "jar transforms Thread 987" [_thread_blocked, id=760, stack(0x0000000023d90000,0x0000000023e90000)]
  0x0000000028531000 JavaThread "jar transforms Thread 986" [_thread_blocked, id=5048, stack(0x0000000023c90000,0x0000000023d90000)]
  0x000000002e823800 JavaThread "jar transforms Thread 985" [_thread_blocked, id=1088, stack(0x0000000023b90000,0x0000000023c90000)]
  0x000000002e824000 JavaThread "jar transforms Thread 984" [_thread_blocked, id=14940, stack(0x0000000023a90000,0x0000000023b90000)]
  0x000000002e822800 JavaThread "jar transforms Thread 983" [_thread_blocked, id=6084, stack(0x0000000023990000,0x0000000023a90000)]
  0x000000002e822000 JavaThread "jar transforms Thread 982" [_thread_blocked, id=14472, stack(0x0000000023890000,0x0000000023990000)]
  0x000000002e821000 JavaThread "jar transforms Thread 981" [_thread_blocked, id=7460, stack(0x0000000023790000,0x0000000023890000)]
  0x000000002e828000 JavaThread "jar transforms Thread 980" [_thread_blocked, id=14812, stack(0x0000000023690000,0x0000000023790000)]
  0x000000002e820800 JavaThread "jar transforms Thread 979" [_thread_blocked, id=5424, stack(0x0000000023590000,0x0000000023690000)]
  0x000000002e826800 JavaThread "jar transforms Thread 978" [_thread_blocked, id=14216, stack(0x0000000023490000,0x0000000023590000)]
  0x000000002e825800 JavaThread "jar transforms Thread 977" [_thread_blocked, id=2860, stack(0x0000000023390000,0x0000000023490000)]
  0x000000002e825000 JavaThread "jar transforms Thread 976" [_thread_blocked, id=10556, stack(0x0000000023290000,0x0000000023390000)]
  0x000000002e827000 JavaThread "jar transforms Thread 975" [_thread_blocked, id=11300, stack(0x0000000023190000,0x0000000023290000)]
  0x000000002e819000 JavaThread "jar transforms Thread 974" [_thread_blocked, id=13128, stack(0x0000000023090000,0x0000000023190000)]
  0x000000002e81f000 JavaThread "jar transforms Thread 973" [_thread_blocked, id=992, stack(0x0000000022f90000,0x0000000023090000)]
  0x000000002e81d800 JavaThread "jar transforms Thread 972" [_thread_blocked, id=7160, stack(0x0000000022e90000,0x0000000022f90000)]
  0x000000002e81a800 JavaThread "jar transforms Thread 971" [_thread_blocked, id=316, stack(0x0000000022d90000,0x0000000022e90000)]
  0x000000002e819800 JavaThread "jar transforms Thread 970" [_thread_blocked, id=15888, stack(0x0000000022c90000,0x0000000022d90000)]
  0x000000002e81e000 JavaThread "jar transforms Thread 969" [_thread_blocked, id=16256, stack(0x0000000022b90000,0x0000000022c90000)]
  0x000000002e81b000 JavaThread "jar transforms Thread 968" [_thread_blocked, id=7748, stack(0x0000000022a90000,0x0000000022b90000)]
  0x000000002e81c800 JavaThread "jar transforms Thread 967" [_thread_blocked, id=16140, stack(0x0000000022990000,0x0000000022a90000)]
  0x000000002e81f800 JavaThread "jar transforms Thread 966" [_thread_blocked, id=3740, stack(0x0000000022890000,0x0000000022990000)]
  0x000000001b927000 JavaThread "jar transforms Thread 965" [_thread_blocked, id=11392, stack(0x0000000022790000,0x0000000022890000)]
  0x000000001b926000 JavaThread "jar transforms Thread 964" [_thread_blocked, id=11484, stack(0x0000000022690000,0x0000000022790000)]
  0x000000001b927800 JavaThread "jar transforms Thread 963" [_thread_blocked, id=1832, stack(0x0000000022590000,0x0000000022690000)]
  0x000000001b91e800 JavaThread "jar transforms Thread 962" [_thread_blocked, id=17324, stack(0x0000000022490000,0x0000000022590000)]
  0x000000001b925800 JavaThread "jar transforms Thread 961" [_thread_blocked, id=2596, stack(0x0000000022390000,0x0000000022490000)]
  0x000000001b924000 JavaThread "jar transforms Thread 960" [_thread_blocked, id=16104, stack(0x0000000022290000,0x0000000022390000)]
  0x000000001b923000 JavaThread "jar transforms Thread 959" [_thread_blocked, id=5372, stack(0x0000000022190000,0x0000000022290000)]
  0x000000001b922800 JavaThread "jar transforms Thread 958" [_thread_blocked, id=10052, stack(0x0000000022090000,0x0000000022190000)]
  0x000000001b921800 JavaThread "jar transforms Thread 957" [_thread_blocked, id=5732, stack(0x0000000021f90000,0x0000000022090000)]
  0x000000001b924800 JavaThread "jar transforms Thread 956" [_thread_blocked, id=4772, stack(0x0000000021e90000,0x0000000021f90000)]
  0x000000001b921000 JavaThread "jar transforms Thread 955" [_thread_blocked, id=13664, stack(0x0000000021d90000,0x0000000021e90000)]
  0x000000001b918800 JavaThread "jar transforms Thread 954" [_thread_blocked, id=15196, stack(0x0000000021c90000,0x0000000021d90000)]
  0x000000001b91f800 JavaThread "jar transforms Thread 953" [_thread_blocked, id=16456, stack(0x0000000021b90000,0x0000000021c90000)]
  0x000000001b91d000 JavaThread "jar transforms Thread 952" [_thread_blocked, id=8368, stack(0x0000000021a90000,0x0000000021b90000)]
  0x000000001b91c800 JavaThread "jar transforms Thread 951" [_thread_blocked, id=10004, stack(0x0000000021990000,0x0000000021a90000)]
  0x000000001b91a000 JavaThread "jar transforms Thread 950" [_thread_blocked, id=14008, stack(0x0000000021890000,0x0000000021990000)]
  0x000000001b91e000 JavaThread "jar transforms Thread 949" [_thread_blocked, id=2296, stack(0x0000000021790000,0x0000000021890000)]
  0x000000001b91b800 JavaThread "jar transforms Thread 948" [_thread_blocked, id=6132, stack(0x0000000021690000,0x0000000021790000)]
  0x000000001b919800 JavaThread "jar transforms Thread 947" [_thread_blocked, id=12304, stack(0x0000000021590000,0x0000000021690000)]
  0x000000001b91b000 JavaThread "jar transforms Thread 946" [_thread_blocked, id=12264, stack(0x0000000021490000,0x0000000021590000)]
  0x000000001da1d000 JavaThread "jar transforms Thread 945" [_thread_blocked, id=4836, stack(0x0000000021390000,0x0000000021490000)]
  0x000000001da1a000 JavaThread "jar transforms Thread 944" [_thread_blocked, id=12392, stack(0x0000000021290000,0x0000000021390000)]
  0x000000001da1c000 JavaThread "jar transforms Thread 943" [_thread_blocked, id=5692, stack(0x0000000021190000,0x0000000021290000)]
  0x000000001da1b800 JavaThread "jar transforms Thread 942" [_thread_blocked, id=15120, stack(0x0000000021090000,0x0000000021190000)]
  0x000000001da19000 JavaThread "jar transforms Thread 941" [_thread_blocked, id=12048, stack(0x0000000020f90000,0x0000000021090000)]
  0x000000001da1a800 JavaThread "Build operations Thread 4" [_thread_blocked, id=3172, stack(0x000000001f7c0000,0x000000001f8c0000)]
  0x000000001da17800 JavaThread "Build operations Thread 3" [_thread_blocked, id=3964, stack(0x000000001efc0000,0x000000001f0c0000)]
  0x000000001da1e800 JavaThread "Build operations Thread 2" [_thread_blocked, id=14168, stack(0x000000001eec0000,0x000000001efc0000)]
  0x000000001da1d800 JavaThread "Build operations" [_thread_blocked, id=2064, stack(0x000000001e940000,0x000000001ea40000)]
  0x000000001da10000 JavaThread "Cache worker for cache directory md-rule (C:\Users\An\.gradle\caches\6.5\md-rule)" [_thread_blocked, id=5612, stack(0x000000001e840000,0x000000001e940000)]
  0x000000001da17000 JavaThread "Cache worker for cache directory md-supplier (C:\Users\An\.gradle\caches\6.5\md-supplier)" [_thread_blocked, id=9988, stack(0x000000001cd70000,0x000000001ce70000)]
  0x000000001da16000 JavaThread "Cache worker for checksums cache (C:\Users\An\AndroidStudioProjects\TinMate\.gradle\checksums)" [_thread_blocked, id=12308, stack(0x000000001cc70000,0x000000001cd70000)]
  0x000000001da15800 JavaThread "Cache worker for file hash cache (C:\Users\An\AndroidStudioProjects\TinMate\.gradle\6.5\fileHashes)" [_thread_blocked, id=4020, stack(0x000000001cb70000,0x000000001cc70000)]
  0x000000001da14000 JavaThread "Thread-1279" [_thread_blocked, id=744, stack(0x000000001ca70000,0x000000001cb70000)]
  0x000000001da0f000 JavaThread "Stdin handler" [_thread_blocked, id=1652, stack(0x000000001c970000,0x000000001ca70000)]
  0x000000001da13000 JavaThread "Asynchronous log dispatcher for DefaultDaemonConnection: socket connection from /127.0.0.1:64449 to /127.0.0.1:65528" [_thread_blocked, id=13560, stack(0x000000001c330000,0x000000001c430000)]
  0x000000001da12800 JavaThread "Daemon worker Thread 10" [_thread_blocked, id=8980, stack(0x000000001c230000,0x000000001c330000)]
  0x000000001da11000 JavaThread "Cancel handler" [_thread_blocked, id=14384, stack(0x0000000000cd0000,0x0000000000dd0000)]
  0x000000001da11800 JavaThread "Handler for socket connection from /127.0.0.1:64449 to /127.0.0.1:65528" [_thread_in_native, id=15064, stack(0x0000000000bd0000,0x0000000000cd0000)]
  0x000000001da14800 JavaThread "Daemon Thread 10" [_thread_blocked, id=8468, stack(0x0000000000ad0000,0x0000000000bd0000)]
  0x0000000028534800 JavaThread "Cache worker for Java compile cache (C:\Users\An\.gradle\caches\6.5\javaCompile)" [_thread_blocked, id=7224, stack(0x0000000029bb0000,0x0000000029cb0000)]
  0x000000001da18800 JavaThread "Memory manager" [_thread_blocked, id=3864, stack(0x0000000027450000,0x0000000027550000)]
  0x000000001b35d800 JavaThread "Cache worker for file content cache (C:\Users\An\.gradle\caches\6.5\fileContent)" [_thread_blocked, id=13032, stack(0x000000001f8c0000,0x000000001f9c0000)]
  0x000000001b35c000 JavaThread "Cache worker for execution history cache (C:\Users\An\.gradle\caches\6.5\executionHistory)" [_thread_blocked, id=17128, stack(0x000000001f0c0000,0x000000001f1c0000)]
  0x000000001b35b000 JavaThread "Cache worker for file hash cache (C:\Users\An\.gradle\caches\6.5\fileHashes)" [_thread_blocked, id=12544, stack(0x000000001d570000,0x000000001d670000)]
  0x000000001b359000 JavaThread "File lock request listener" [_thread_in_native, id=9068, stack(0x000000001d470000,0x000000001d570000)]
  0x000000001b19a000 JavaThread "Cache worker for journal cache (C:\Users\An\.gradle\caches\journal-1)" [_thread_blocked, id=10840, stack(0x000000001d270000,0x000000001d370000)]
  0x000000001b079000 JavaThread "Daemon periodic checks" [_thread_blocked, id=2232, stack(0x000000001c670000,0x000000001c770000)]
  0x000000001b077800 JavaThread "Incoming local TCP Connector on port 64449" [_thread_in_native, id=15656, stack(0x000000001c430000,0x000000001c530000)]
  0x000000001afaa800 JavaThread "Daemon health stats" [_thread_blocked, id=13108, stack(0x000000001bdf0000,0x000000001bef0000)]
  0x0000000018e80800 JavaThread "Service Thread" daemon [_thread_blocked, id=15008, stack(0x0000000019250000,0x0000000019350000)]
  0x00000000174f5000 JavaThread "C1 CompilerThread2" daemon [_thread_blocked, id=7484, stack(0x0000000018d50000,0x0000000018e50000)]
  0x00000000174ea800 JavaThread "C2 CompilerThread1" daemon [_thread_in_native, id=3720, stack(0x0000000018c50000,0x0000000018d50000)]
  0x00000000174e7800 JavaThread "C2 CompilerThread0" daemon [_thread_in_native, id=9064, stack(0x0000000018b50000,0x0000000018c50000)]
  0x00000000174e5000 JavaThread "Attach Listener" daemon [_thread_blocked, id=14764, stack(0x0000000018a50000,0x0000000018b50000)]
  0x00000000174e4000 JavaThread "Signal Dispatcher" daemon [_thread_blocked, id=8360, stack(0x0000000018950000,0x0000000018a50000)]
  0x00000000174c9000 JavaThread "Finalizer" daemon [_thread_blocked, id=1680, stack(0x0000000018740000,0x0000000018840000)]
  0x00000000028b2000 JavaThread "Reference Handler" daemon [_thread_blocked, id=6788, stack(0x0000000018640000,0x0000000018740000)]
  0x00000000027c2800 JavaThread "main" [_thread_blocked, id=1720, stack(0x0000000002650000,0x0000000002750000)]

Other Threads:
  0x00000000174a6800 VMThread [stack: 0x0000000018540000,0x0000000018640000] [id=10388]
  0x00000000174fe800 WatcherThread [stack: 0x0000000019350000,0x0000000019450000] [id=16736]

VM state:not at safepoint (normal execution)

VM Mutex/Monitor currently owned by a thread: None

heap address: 0x0000000080000000, size: 2048 MB, Compressed Oops mode: 32-bit
Narrow klass base: 0x0000000000000000, Narrow klass shift: 3
Compressed class space size: 1073741824 Address: 0x0000000100000000

Heap:
 PSYoungGen      total 306688K, used 69072K [0x00000000d5580000, 0x00000000eb500000, 0x0000000100000000)
  eden space 293376K, 19% used [0x00000000d5580000,0x00000000d8c40f30,0x00000000e7400000)
  from space 13312K, 97% used [0x00000000e7c00000,0x00000000e88b3230,0x00000000e8900000)
  to   space 33280K, 0% used [0x00000000e9480000,0x00000000e9480000,0x00000000eb500000)
 ParOldGen       total 347136K, used 72506K [0x0000000080000000, 0x0000000095300000, 0x00000000d5580000)
  object space 347136K, 20% used [0x0000000080000000,0x00000000846ce8b0,0x0000000095300000)
 Metaspace       used 100917K, capacity 107572K, committed 107672K, reserved 1142784K
  class space    used 12734K, capacity 13915K, committed 14000K, reserved 1048576K

Card table byte_map: [0x0000000011c80000,0x0000000012090000] byte_map_base: 0x0000000011880000

Marking Bits: (ParMarkBitMap*) 0x000000007200f030
 Begin Bits: [0x0000000012740000, 0x0000000014740000)
 End Bits:   [0x0000000014740000, 0x0000000016740000)

Polling page: 0x0000000002750000

CodeCache: size=245760Kb used=74470Kb max_used=74470Kb free=171290Kb
 bounds [0x00000000028c0000, 0x0000000007230000, 0x00000000118c0000]
 total_blobs=20984 nmethods=20107 adapters=786
 compilation: enabled

Compilation events (10 events):
Event: 2526.636 Thread 0x00000000174f5000 26468       3       com.sun.org.apache.xerces.internal.dom.CoreDocumentImpl::createAttributeNS (11 bytes)
Event: 2526.637 Thread 0x00000000174f5000 nmethod 26468 0x0000000003dcfb90 code [0x0000000003dcfd40, 0x0000000003dd02d8]
Event: 2526.637 Thread 0x00000000174f5000 26469       3       com.sun.org.apache.xerces.internal.dom.AttrNSImpl::<init> (13 bytes)
Event: 2526.637 Thread 0x00000000174f5000 nmethod 26469 0x0000000003dcf310 code [0x0000000003dcf4a0, 0x0000000003dcf9a8]
Event: 2526.637 Thread 0x00000000174f5000 26470       3       com.sun.org.apache.xerces.internal.dom.AttrNSImpl::setName (188 bytes)
Event: 2526.638 Thread 0x00000000174f5000 nmethod 26470 0x00000000044fba10 code [0x00000000044fbcc0, 0x00000000044fd208]
Event: 2526.639 Thread 0x00000000174f5000 26471       3       com.sun.org.apache.xerces.internal.dom.AttributeMap::setNamedItemNS (366 bytes)
Event: 2526.641 Thread 0x00000000174f5000 nmethod 26471 0x0000000004c17310 code [0x0000000004c17700, 0x0000000004c19be8]
Event: 2526.641 Thread 0x00000000174f5000 26472       3       com.sun.org.apache.xerces.internal.dom.AttrNSImpl::setPrefix (295 bytes)
Event: 2526.643 Thread 0x00000000174f5000 nmethod 26472 0x0000000002c7e790 code [0x0000000002c7ebc0, 0x0000000002c812e8]

GC Heap History (10 events):
Event: 2107.537 GC heap before
{Heap before GC invocations=29 (full 4):
 PSYoungGen      total 363520K, used 351955K [0x00000000d5580000, 0x00000000ee900000, 0x0000000100000000)
  eden space 337408K, 100% used [0x00000000d5580000,0x00000000e9f00000,0x00000000e9f00000)
  from space 26112K, 55% used [0x00000000ecf80000,0x00000000eddb4f60,0x00000000ee900000)
  to   space 37888K, 0% used [0x00000000e9f00000,0x00000000e9f00000,0x00000000ec400000)
 ParOldGen       total 347136K, used 72482K [0x0000000080000000, 0x0000000095300000, 0x00000000d5580000)
  object space 347136K, 20% used [0x0000000080000000,0x00000000846c88b0,0x0000000095300000)
 Metaspace       used 99821K, capacity 106278K, committed 106520K, reserved 1142784K
  class space    used 12687K, capacity 13830K, committed 13872K, reserved 1048576K
Event: 2107.591 GC heap after
Heap after GC invocations=29 (full 4):
 PSYoungGen      total 351232K, used 23094K [0x00000000d5580000, 0x00000000ee080000, 0x0000000100000000)
  eden space 327680K, 0% used [0x00000000d5580000,0x00000000d5580000,0x00000000e9580000)
  from space 23552K, 98% used [0x00000000e9f00000,0x00000000eb58d900,0x00000000eb600000)
  to   space 38400K, 0% used [0x00000000ebb00000,0x00000000ebb00000,0x00000000ee080000)
 ParOldGen       total 347136K, used 72482K [0x0000000080000000, 0x0000000095300000, 0x00000000d5580000)
  object space 347136K, 20% used [0x0000000080000000,0x00000000846c88b0,0x0000000095300000)
 Metaspace       used 99821K, capacity 106278K, committed 106520K, reserved 1142784K
  class space    used 12687K, capacity 13830K, committed 13872K, reserved 1048576K
}
Event: 2217.860 GC heap before
{Heap before GC invocations=30 (full 4):
 PSYoungGen      total 351232K, used 350774K [0x00000000d5580000, 0x00000000ee080000, 0x0000000100000000)
  eden space 327680K, 100% used [0x00000000d5580000,0x00000000e9580000,0x00000000e9580000)
  from space 23552K, 98% used [0x00000000e9f00000,0x00000000eb58d900,0x00000000eb600000)
  to   space 38400K, 0% used [0x00000000ebb00000,0x00000000ebb00000,0x00000000ee080000)
 ParOldGen       total 347136K, used 72482K [0x0000000080000000, 0x0000000095300000, 0x00000000d5580000)
  object space 347136K, 20% used [0x0000000080000000,0x00000000846c88b0,0x0000000095300000)
 Metaspace       used 99962K, capacity 106406K, committed 106520K, reserved 1142784K
  class space    used 12688K, capacity 13830K, committed 13872K, reserved 1048576K
Event: 2217.878 GC heap after
Heap after GC invocations=30 (full 4):
 PSYoungGen      total 345600K, used 10597K [0x00000000d5580000, 0x00000000ed580000, 0x0000000100000000)
  eden space 318464K, 0% used [0x00000000d5580000,0x00000000d5580000,0x00000000e8c80000)
  from space 27136K, 39% used [0x00000000ebb00000,0x00000000ec5597e8,0x00000000ed580000)
  to   space 37376K, 0% used [0x00000000e8c80000,0x00000000e8c80000,0x00000000eb100000)
 ParOldGen       total 347136K, used 72490K [0x0000000080000000, 0x0000000095300000, 0x00000000d5580000)
  object space 347136K, 20% used [0x0000000080000000,0x00000000846ca8b0,0x0000000095300000)
 Metaspace       used 99962K, capacity 106406K, committed 106520K, reserved 1142784K
  class space    used 12688K, capacity 13830K, committed 13872K, reserved 1048576K
}
Event: 2288.423 GC heap before
{Heap before GC invocations=31 (full 4):
 PSYoungGen      total 345600K, used 329061K [0x00000000d5580000, 0x00000000ed580000, 0x0000000100000000)
  eden space 318464K, 100% used [0x00000000d5580000,0x00000000e8c80000,0x00000000e8c80000)
  from space 27136K, 39% used [0x00000000ebb00000,0x00000000ec5597e8,0x00000000ed580000)
  to   space 37376K, 0% used [0x00000000e8c80000,0x00000000e8c80000,0x00000000eb100000)
 ParOldGen       total 347136K, used 72490K [0x0000000080000000, 0x0000000095300000, 0x00000000d5580000)
  object space 347136K, 20% used [0x0000000080000000,0x00000000846ca8b0,0x0000000095300000)
 Metaspace       used 100325K, capacity 106902K, committed 107032K, reserved 1142784K
  class space    used 12709K, capacity 13870K, committed 13872K, reserved 1048576K
Event: 2288.458 GC heap after
Heap after GC invocations=31 (full 4):
 PSYoungGen      total 326144K, used 15985K [0x00000000d5580000, 0x00000000ec900000, 0x0000000100000000)
  eden space 309760K, 0% used [0x00000000d5580000,0x00000000d5580000,0x00000000e8400000)
  from space 16384K, 97% used [0x00000000e8c80000,0x00000000e9c1c6d8,0x00000000e9c80000)
  to   space 35328K, 0% used [0x00000000ea680000,0x00000000ea680000,0x00000000ec900000)
 ParOldGen       total 347136K, used 72498K [0x0000000080000000, 0x0000000095300000, 0x00000000d5580000)
  object space 347136K, 20% used [0x0000000080000000,0x00000000846cc8b0,0x0000000095300000)
 Metaspace       used 100325K, capacity 106902K, committed 107032K, reserved 1142784K
  class space    used 12709K, capacity 13870K, committed 13872K, reserved 1048576K
}
Event: 2422.236 GC heap before
{Heap before GC invocations=32 (full 4):
 PSYoungGen      total 326144K, used 325739K [0x00000000d5580000, 0x00000000ec900000, 0x0000000100000000)
  eden space 309760K, 99% used [0x00000000d5580000,0x00000000e83fe6d0,0x00000000e8400000)
  from space 16384K, 97% used [0x00000000e8c80000,0x00000000e9c1c6d8,0x00000000e9c80000)
  to   space 35328K, 0% used [0x00000000ea680000,0x00000000ea680000,0x00000000ec900000)
 ParOldGen       total 347136K, used 72498K [0x0000000080000000, 0x0000000095300000, 0x00000000d5580000)
  object space 347136K, 20% used [0x0000000080000000,0x00000000846cc8b0,0x0000000095300000)
 Metaspace       used 100549K, capacity 107050K, committed 107288K, reserved 1142784K
  class space    used 12711K, capacity 13872K, committed 13872K, reserved 1048576K
Event: 2422.251 GC heap after
Heap after GC invocations=32 (full 4):
 PSYoungGen      total 327680K, used 8630K [0x00000000d5580000, 0x00000000ec000000, 0x0000000100000000)
  eden space 301568K, 0% used [0x00000000d5580000,0x00000000d5580000,0x00000000e7c00000)
  from space 26112K, 33% used [0x00000000ea680000,0x00000000eaeed808,0x00000000ec000000)
  to   space 34816K, 0% used [0x00000000e7c00000,0x00000000e7c00000,0x00000000e9e00000)
 ParOldGen       total 347136K, used 72506K [0x0000000080000000, 0x0000000095300000, 0x00000000d5580000)
  object space 347136K, 20% used [0x0000000080000000,0x00000000846ce8b0,0x0000000095300000)
 Metaspace       used 100549K, capacity 107050K, committed 107288K, reserved 1142784K
  class space    used 12711K, capacity 13872K, committed 13872K, reserved 1048576K
}
Event: 2526.032 GC heap before
{Heap before GC invocations=33 (full 4):
 PSYoungGen      total 327680K, used 310198K [0x00000000d5580000, 0x00000000ec000000, 0x0000000100000000)
  eden space 301568K, 100% used [0x00000000d5580000,0x00000000e7c00000,0x00000000e7c00000)
  from space 26112K, 33% used [0x00000000ea680000,0x00000000eaeed808,0x00000000ec000000)
  to   space 34816K, 0% used [0x00000000e7c00000,0x00000000e7c00000,0x00000000e9e00000)
 ParOldGen       total 347136K, used 72506K [0x0000000080000000, 0x0000000095300000, 0x00000000d5580000)
  object space 347136K, 20% used [0x0000000080000000,0x00000000846ce8b0,0x0000000095300000)
 Metaspace       used 100874K, capacity 107444K, committed 107672K, reserved 1142784K
  class space    used 12734K, capacity 13915K, committed 14000K, reserved 1048576K
Event: 2526.074 GC heap after
Heap after GC invocations=33 (full 4):
 PSYoungGen      total 306688K, used 13004K [0x00000000d5580000, 0x00000000eb500000, 0x0000000100000000)
  eden space 293376K, 0% used [0x00000000d5580000,0x00000000d5580000,0x00000000e7400000)
  from space 13312K, 97% used [0x00000000e7c00000,0x00000000e88b3230,0x00000000e8900000)
  to   space 33280K, 0% used [0x00000000e9480000,0x00000000e9480000,0x00000000eb500000)
 ParOldGen       total 347136K, used 72506K [0x0000000080000000, 0x0000000095300000, 0x00000000d5580000)
  object space 347136K, 20% used [0x0000000080000000,0x00000000846ce8b0,0x0000000095300000)
 Metaspace       used 100874K, capacity 107444K, committed 107672K, reserved 1142784K
  class space    used 12734K, capacity 13915K, committed 14000K, reserved 1048576K
}

Deoptimization events (10 events):
Event: 2287.648 Thread 0x000000001e113000 Uncommon trap: reason=bimorphic action=maybe_recompile pc=0x00000000054ff8bc method=com.sun.tools.javac.comp.TransTypes.retype(Lcom/sun/tools/javac/tree/JCTree$JCExpression;Lcom/sun/tools/javac/code/Type;Lcom/sun/tools/javac/code/Type;)Lcom/sun/tools/java
Event: 2288.968 Thread 0x0000000028b53000 Uncommon trap: reason=unstable_if action=reinterpret pc=0x000000000696a628 method=java.util.TimSort.mergeLo(IIII)V @ 487
Event: 2306.463 Thread 0x000000001b358000 Uncommon trap: reason=null_check action=make_not_entrant pc=0x0000000004c28cb0 method=org.gradle.api.internal.collections.CollectionFilter.filter(Ljava/lang/Object;)Ljava/lang/Object; @ 5
Event: 2307.000 Thread 0x000000001e113000 Uncommon trap: reason=class_check action=maybe_recompile pc=0x00000000049959dc method=com.google.common.cache.LocalCache$Segment.get(Ljava/lang/Object;ILcom/google/common/cache/CacheLoader;)Ljava/lang/Object; @ 108
Event: 2307.745 Thread 0x000000001a0cf000 Uncommon trap: reason=null_check action=make_not_entrant pc=0x0000000007158f28 method=org.gradle.api.internal.tasks.properties.bean.AbstractNestedRuntimeBeanNode$BeanPropertyValue.isConfigurable()Z @ 9
Event: 2423.022 Thread 0x000000001a0cf000 Uncommon trap: reason=array_check action=maybe_recompile pc=0x0000000006fbe8a8 method=java.util.ComparableTimSort.mergeLo(IIII)V @ 587
Event: 2423.022 Thread 0x000000001a0cf000 Uncommon trap: reason=array_check action=maybe_recompile pc=0x0000000006fbe8a8 method=java.util.ComparableTimSort.mergeLo(IIII)V @ 587
Event: 2423.022 Thread 0x000000001a0cf000 Uncommon trap: reason=array_check action=maybe_recompile pc=0x0000000006fb8c84 method=java.util.ComparableTimSort.mergeLo(IIII)V @ 371
Event: 2423.022 Thread 0x000000001a0cf000 Uncommon trap: reason=array_check action=maybe_recompile pc=0x0000000006fb8b70 method=java.util.ComparableTimSort.mergeLo(IIII)V @ 240
Event: 2526.615 Thread 0x000000001a0d0800 Uncommon trap: reason=bimorphic action=maybe_recompile pc=0x0000000003f3bc04 method=com.sun.org.apache.xerces.internal.dom.CoreDocumentImpl.isKidOK(Lorg/w3c/dom/Node;Lorg/w3c/dom/Node;)Z @ 39

Classes redefined (0 events):
No events

Internal exceptions (10 events):
Event: 2423.810 Thread 0x000000001a0ca800 Exception <a 'sun/nio/fs/WindowsException'> (0x00000000df893250) thrown at [C:\src\AOSP-openjdk-git\hotspot\src\share\vm\prims\jni.cpp, line 710]
Event: 2423.811 Thread 0x000000001a0ca800 Exception <a 'sun/nio/fs/WindowsException'> (0x00000000df89b5f0) thrown at [C:\src\AOSP-openjdk-git\hotspot\src\share\vm\prims\jni.cpp, line 710]
Event: 2423.813 Thread 0x000000001a0ca800 Exception <a 'sun/nio/fs/WindowsException'> (0x00000000df9246e8) thrown at [C:\src\AOSP-openjdk-git\hotspot\src\share\vm\prims\jni.cpp, line 710]
Event: 2423.814 Thread 0x000000001a0ca800 Exception <a 'sun/nio/fs/WindowsException'> (0x00000000df92b3b8) thrown at [C:\src\AOSP-openjdk-git\hotspot\src\share\vm\prims\jni.cpp, line 710]
Event: 2423.816 Thread 0x000000001a0ca800 Exception <a 'sun/nio/fs/WindowsException'> (0x00000000df9733f8) thrown at [C:\src\AOSP-openjdk-git\hotspot\src\share\vm\prims\jni.cpp, line 710]
Event: 2424.111 Thread 0x000000001a8ee800 Exception <a 'sun/nio/fs/WindowsException'> (0x00000000e062bbf0) thrown at [C:\src\AOSP-openjdk-git\hotspot\src\share\vm\prims\jni.cpp, line 710]
Event: 2424.299 Thread 0x000000001a8f0000 Exception <a 'sun/nio/fs/WindowsException'> (0x00000000e2b7a0c8) thrown at [C:\src\AOSP-openjdk-git\hotspot\src\share\vm\prims\jni.cpp, line 710]
Event: 2525.445 Thread 0x000000001da12800 Exception <a 'sun/nio/fs/WindowsException'> (0x00000000e59f3e30) thrown at [C:\src\AOSP-openjdk-git\hotspot\src\share\vm\prims\jni.cpp, line 710]
Event: 2525.495 Thread 0x000000001da12800 Exception <a 'sun/nio/fs/WindowsException'> (0x00000000e5f114c0) thrown at [C:\src\AOSP-openjdk-git\hotspot\src\share\vm\prims\jni.cpp, line 710]
Event: 2526.664 Thread 0x000000001a0d0800 Implicit null exception at 0x000000000655d8d2 to 0x0000000000000000

Events (10 events):
Event: 2526.333 Thread 0x00000000174f5000 flushing nmethod 0x0000000003a1fa50
Event: 2526.335 Thread 0x00000000174f5000 flushing nmethod 0x0000000003dfac90
Event: 2526.336 Thread 0x00000000174f5000 flushing nmethod 0x0000000004050950
Event: 2526.341 Thread 0x00000000174f5000 flushing nmethod 0x000000000417e890
Event: 2526.343 Thread 0x00000000174f5000 flushing nmethod 0x00000000044fb2d0
Event: 2526.394 Thread 0x00000000174f5000 flushing nmethod 0x0000000005afa6d0
Event: 2526.414 Thread 0x00000000174f5000 flushing nmethod 0x0000000006f50790
Event: 2526.615 Thread 0x000000001a0d0800 Uncommon trap: trap_request=0xffffffc6 fr.pc=0x0000000003f3bc04
Event: 2526.615 Thread 0x000000001a0d0800 DEOPT PACKING pc=0x0000000003f3bc04 sp=0x000000002764bce0
Event: 2526.615 Thread 0x000000001a0d0800 DEOPT UNPACKING pc=0x000000000290557b sp=0x000000002764bc78 mode 2


Dynamic libraries:
0x00007ff7cad00000 - 0x00007ff7cad31000 	C:\Program Files\Android\Android Studio\jre\bin\java.exe
0x00007ffe21e90000 - 0x00007ffe22085000 	C:\WINDOWS\SYSTEM32\ntdll.dll
0x00007ffde1e90000 - 0x00007ffde1ea3000 	C:\Program Files\AVG\Antivirus\aswhook.dll
0x00007ffe21180000 - 0x00007ffe2123d000 	C:\WINDOWS\System32\KERNEL32.DLL
0x00007ffe1f720000 - 0x00007ffe1f9e9000 	C:\WINDOWS\System32\KERNELBASE.dll
0x00007ffe21da0000 - 0x00007ffe21e4c000 	C:\WINDOWS\System32\ADVAPI32.dll
0x00007ffe205c0000 - 0x00007ffe2065e000 	C:\WINDOWS\System32\msvcrt.dll
0x00007ffe20800000 - 0x00007ffe2089c000 	C:\WINDOWS\System32\sechost.dll
0x00007ffe21050000 - 0x00007ffe2117b000 	C:\WINDOWS\System32\RPCRT4.dll
0x00007ffe20660000 - 0x00007ffe20800000 	C:\WINDOWS\System32\USER32.dll
0x00007ffe1f9f0000 - 0x00007ffe1fa12000 	C:\WINDOWS\System32\win32u.dll
0x00007ffe212e0000 - 0x00007ffe2130a000 	C:\WINDOWS\System32\GDI32.dll
0x00007ffe1fbb0000 - 0x00007ffe1fcbb000 	C:\WINDOWS\System32\gdi32full.dll
0x00007ffe1f5d0000 - 0x00007ffe1f66d000 	C:\WINDOWS\System32\msvcp_win.dll
0x00007ffe1fa20000 - 0x00007ffe1fb20000 	C:\WINDOWS\System32\ucrtbase.dll
0x00007ffe0dbd0000 - 0x00007ffe0de6a000 	C:\WINDOWS\WinSxS\amd64_microsoft.windows.common-controls_6595b64144ccf1df_6.0.19041.844_none_ca00b6081b84eb1d\COMCTL32.dll
0x00007ffe20fa0000 - 0x00007ffe20fd0000 	C:\WINDOWS\System32\IMM32.DLL
0x0000000070dd0000 - 0x0000000070ea2000 	C:\Program Files\Android\Android Studio\jre\jre\bin\msvcr100.dll
0x0000000071840000 - 0x000000007208b000 	C:\Program Files\Android\Android Studio\jre\jre\bin\server\jvm.dll
0x00007ffe21240000 - 0x00007ffe21248000 	C:\WINDOWS\System32\PSAPI.DLL
0x00007ffe108f0000 - 0x00007ffe10917000 	C:\WINDOWS\SYSTEM32\WINMM.dll
0x00007ffe0c780000 - 0x00007ffe0c789000 	C:\WINDOWS\SYSTEM32\WSOCK32.dll
0x00007ffe16880000 - 0x00007ffe1688a000 	C:\WINDOWS\SYSTEM32\VERSION.dll
0x00007ffe21c50000 - 0x00007ffe21cbb000 	C:\WINDOWS\System32\WS2_32.dll
0x00007ffe107b0000 - 0x00007ffe107bf000 	C:\Program Files\Android\Android Studio\jre\jre\bin\verify.dll
0x00007ffdece40000 - 0x00007ffdece69000 	C:\Program Files\Android\Android Studio\jre\jre\bin\java.dll
0x00007ffdfd610000 - 0x00007ffdfd626000 	C:\Program Files\Android\Android Studio\jre\jre\bin\zip.dll
0x00007ffe214a0000 - 0x00007ffe21be2000 	C:\WINDOWS\System32\SHELL32.dll
0x00007ffe1de20000 - 0x00007ffe1e5b0000 	C:\WINDOWS\SYSTEM32\windows.storage.dll
0x00007ffe20140000 - 0x00007ffe20495000 	C:\WINDOWS\System32\combase.dll
0x00007ffe1f040000 - 0x00007ffe1f06c000 	C:\WINDOWS\SYSTEM32\Wldp.dll
0x00007ffe20ef0000 - 0x00007ffe20f9e000 	C:\WINDOWS\System32\SHCORE.dll
0x00007ffe21bf0000 - 0x00007ffe21c45000 	C:\WINDOWS\System32\shlwapi.dll
0x00007ffe1f510000 - 0x00007ffe1f52f000 	C:\WINDOWS\SYSTEM32\profapi.dll
0x00007ffdfd200000 - 0x00007ffdfd21a000 	C:\Program Files\Android\Android Studio\jre\jre\bin\net.dll
0x00007ffe1edc0000 - 0x00007ffe1ee2a000 	C:\WINDOWS\system32\mswsock.dll
0x00007ffdfcb80000 - 0x00007ffdfcb93000 	C:\Program Files\Android\Android Studio\jre\jre\bin\nio.dll
0x00007ffde3a70000 - 0x00007ffde3a97000 	C:\Users\An\.gradle\native\f6784746aeab05261644944871eae4fe03e0ef1612fff0a4a95f87b438bc6780\windows-amd64\native-platform.dll
0x00007ffe06940000 - 0x00007ffe0694d000 	C:\Program Files\Android\Android Studio\jre\jre\bin\management.dll
0x00007ffe1ef90000 - 0x00007ffe1efa8000 	C:\WINDOWS\SYSTEM32\CRYPTSP.dll
0x00007ffe1e6f0000 - 0x00007ffe1e724000 	C:\WINDOWS\system32\rsaenh.dll
0x00007ffe1fb20000 - 0x00007ffe1fb47000 	C:\WINDOWS\System32\bcrypt.dll
0x00007ffe1f4d0000 - 0x00007ffe1f4fe000 	C:\WINDOWS\SYSTEM32\USERENV.dll
0x00007ffe1fd10000 - 0x00007ffe1fd90000 	C:\WINDOWS\System32\bcryptprimitives.dll
0x00007ffe1efb0000 - 0x00007ffe1efbc000 	C:\WINDOWS\SYSTEM32\CRYPTBASE.dll
0x00007ffe1ea60000 - 0x00007ffe1ea9b000 	C:\WINDOWS\SYSTEM32\IPHLPAPI.DLL
0x00007ffe1ff50000 - 0x00007ffe1ff58000 	C:\WINDOWS\System32\NSI.dll
0x00007ffe14a20000 - 0x00007ffe14a37000 	C:\WINDOWS\SYSTEM32\dhcpcsvc6.DLL
0x00007ffe15820000 - 0x00007ffe1583d000 	C:\WINDOWS\SYSTEM32\dhcpcsvc.DLL
0x00007ffe1eab0000 - 0x00007ffe1eb7b000 	C:\WINDOWS\SYSTEM32\DNSAPI.dll
0x00007ffe15ea0000 - 0x00007ffe15eab000 	C:\WINDOWS\SYSTEM32\WINNSI.DLL
0x00007ffdecb40000 - 0x00007ffdecb64000 	C:\Program Files\Android\Android Studio\jre\jre\bin\sunec.dll
0x00007ffe1d3d0000 - 0x00007ffe1d5b4000 	C:\WINDOWS\SYSTEM32\dbghelp.dll

VM Arguments:
jvm_args: -Xmx2048m -Dfile.encoding=UTF-8 -Duser.country=US -Duser.language=en -Duser.variant 
java_command: org.gradle.launcher.daemon.bootstrap.GradleDaemon 6.5
java_class_path (initial): C:\Users\An\.gradle\wrapper\dists\gradle-6.5-all\2oz4ud9k3tuxjg84bbf55q0tn\gradle-6.5\lib\gradle-launcher-6.5.jar
Launcher Type: SUN_STANDARD

Environment Variables:
JAVA_HOME=C:\Program Files\jdk-14.0.2
PATH=C:\Program Files\Common Files\Microsoft Shared\Microsoft Online Services;C:\Program Files (x86)\Common Files\Microsoft Shared\Microsoft Online Services;C:\WINDOWS\system32;C:\WINDOWS;C:\WINDOWS\System32\Wbem;C:\WINDOWS\System32\WindowsPowerShell\v1.0\;C:\WINDOWS\System32\OpenSSH\;C:\Program Files\Microsoft SQL Server\Client SDK\ODBC\130\Tools\Binn\;C:\Program Files (x86)\Microsoft SQL Server\140\Tools\Binn\;C:\Program Files\Microsoft SQL Server\140\Tools\Binn\;C:\Program Files\Microsoft SQL Server\140\DTS\Binn\;C:\Program Files\dotnet\;C:\Program Files\nodejs\;C:\Program Files\MongoDB\Server\4.4\bin;C:\Program Files\jdk-14.0.2\bin;C:\Program Files\Git\cmd;C:\Program Files\MySQL\MySQL Shell 8.0\bin\;C:\Users\An\AppData\Local\Programs\Python\Python38-32\Scripts\;C:\Users\An\AppData\Local\Programs\Python\Python38-32\;C:\Users\An\AppData\Local\Microsoft\WindowsApps;C:\Program Files\JetBrains\PyCharm Community Edition 2020.1.3\bin;;C:\Program Files\mingw-w64\x86_64-8.1.0-posix-seh-rt_v6-rev0\mingw64\bin;C:\Users\An\AppData\Roaming\npm;C:\Program Files\JetBrains\IntelliJ IDEA Community Edition 2020.3.3\bin;;C:\Program Files\JetBrains\IntelliJ IDEA 2020.2.3\bin;;C:\Program Files\JetBrains\WebStorm 2020.2.3\bin;;C:\Users\An\AppData\Local\Programs\Microsoft VS Code\bin;C:\Users\An\AppData\Local\GitHubDesktop\bin;C:\Program Files\heroku\bin
USERNAME=An
OS=Windows_NT
PROCESSOR_IDENTIFIER=Intel64 Family 6 Model 61 Stepping 4, GenuineIntel



---------------  S Y S T E M  ---------------

OS: Windows 10.0 , 64 bit Build 19041 (10.0.19041.804)

CPU:total 4 (initial active 4) (2 cores per cpu, 2 threads per core) family 6 model 61 stepping 4, cmov, cx8, fxsr, mmx, sse, sse2, sse3, ssse3, sse4.1, sse4.2, popcnt, avx, avx2, aes, clmul, erms, rtm, 3dnowpref, lzcnt, ht, tsc, tscinvbit, bmi1, bmi2, adx

Memory: 4k page, physical 16648788k(6050808k free), swap 21891668k(8374548k free)

vm_info: OpenJDK 64-Bit Server VM (25.242-b01) for windows-amd64 JRE (1.8.0_242-release-1644-b01), built by "builder" with MS VC++ 10.0 (VS2010)

time: Fri Apr 16 16:05:40 2021
timezone: SE Asia Standard Time
elapsed time: 2526 seconds (0d 0h 42m 6s)

